<?xml version="1.0" encoding="UTF-8"?>
<!-- Generated by org.testng.reporters.JUnitReportReporter -->
<testsuite hostname="DESKTOP-A1J2SE6" failures="0" tests="1" name="soapui.JavaSoapRunner" time="24.063" errors="0" timestamp="14 Apr 2021 04:21:20 GMT">
  <testcase classname="soapui.JavaSoapRunner" name="testsoap" time="24.063"/>
</testsuite> <!-- soapui.JavaSoapRunner -->
